[INFO] Date: 2017/01/31 00:32:52.772 Method: MethodInvocationStatistic.MethodStatistics.OnEntry  Message: Method Void TestMethod()
[TRACE] Date: 2017/01/31 00:34:11.136 Method: MethodInvocationStatistic.MethodStatistics.OnEntry  Message: Method Void TestMethod()
[TRACE] Date: 2017/01/31 00:34:11.230 Method: MethodInvocationStatistic.MethodStatistics.OnEntry  Message: Call stack: Void Run(System.Threading.ExecutionContext, System.Threading.ContextCallback, System.Object, Boolean)=>Void Run(System.Threading.ExecutionContext, System.Threading.ContextCallback, System.Object)=>
[TRACE] Date: 2017/01/31 00:34:15.232 Method: MethodInvocationStatistic.MethodStatistics.OnExit  Message: Execution time: 4039
[TRACE] Date: 2017/01/31 00:35:00.620 Method: MethodInvocationStatistic.MethodStatistics.OnEntry  Message: Method Void TestMethod()
[TRACE] Date: 2017/01/31 00:35:00.652 Method: MethodInvocationStatistic.MethodStatistics.OnEntry  Message: Call stack: Void OnEntry()=>Void TestMethod()=>Void Main(System.String[])=>Int32 _nExecuteAssembly(System.Reflection.RuntimeAssembly, System.String[])=>Int32 ExecuteAssembly(System.String, System.Security.Policy.Evidence, System.String[])=>Void RunUsersAssembly()=>Void ThreadStart_Context(System.Object)=>Void RunInternal(System.Threading.ExecutionContext, System.Threading.ContextCallback, System.Object, Boolean)=>Void Run(System.Threading.ExecutionContext, System.Threading.ContextCallback, System.Object, Boolean)=>Void Run(System.Threading.ExecutionContext, System.Threading.ContextCallback, System.Object)=>
[TRACE] Date: 2017/01/31 00:35:04.657 Method: MethodInvocationStatistic.MethodStatistics.OnExit  Message: Execution time: 4008
[TRACE] Date: 2017/01/31 00:35:48.750 Method: MethodInvocationStatistic.MethodStatistics.OnEntry  Message: Method Void TestMethod()
[TRACE] Date: 2017/01/31 00:35:48.952 Method: MethodInvocationStatistic.MethodStatistics.OnEntry  Message: Call stack: Void OnEntry()=>Void TestMethod()=>Void Main(System.String[])=>Int32 _nExecuteAssembly(System.Reflection.RuntimeAssembly, System.String[])=>Int32 ExecuteAssembly(System.String, System.Security.Policy.Evidence, System.String[])=>Void RunUsersAssembly()=>Void ThreadStart_Context(System.Object)=>Void RunInternal(System.Threading.ExecutionContext, System.Threading.ContextCallback, System.Object, Boolean)=>Void Run(System.Threading.ExecutionContext, System.Threading.ContextCallback, System.Object, Boolean)=>Void Run(System.Threading.ExecutionContext, System.Threading.ContextCallback, System.Object)=>
[TRACE] Date: 2017/01/31 00:35:52.955 Method: MethodInvocationStatistic.MethodStatistics.OnExit  Message: Execution time: 4170
[TRACE] Date: 2017/01/31 00:36:20.123 Method: MethodInvocationStatistic.MethodStatistics.OnEntry  Message: Method Void TestMethod()
[TRACE] Date: 2017/01/31 00:36:20.171 Method: MethodInvocationStatistic.MethodStatistics.OnEntry  Message: Call stack: Void Main(System.String[])=>Int32 _nExecuteAssembly(System.Reflection.RuntimeAssembly, System.String[])=>Int32 ExecuteAssembly(System.String, System.Security.Policy.Evidence, System.String[])=>Void RunUsersAssembly()=>Void ThreadStart_Context(System.Object)=>Void RunInternal(System.Threading.ExecutionContext, System.Threading.ContextCallback, System.Object, Boolean)=>Void Run(System.Threading.ExecutionContext, System.Threading.ContextCallback, System.Object, Boolean)=>Void Run(System.Threading.ExecutionContext, System.Threading.ContextCallback, System.Object)=>
[TRACE] Date: 2017/01/31 00:36:24.176 Method: MethodInvocationStatistic.MethodStatistics.OnExit  Message: Execution time: 4015
[TRACE] Date: 2017/01/31 00:36:34.255 Method: MethodInvocationStatistic.MethodStatistics.OnEntry  Message: Method Void TestMethod()
[TRACE] Date: 2017/01/31 00:36:34.447 Method: MethodInvocationStatistic.MethodStatistics.OnEntry  Message: Call stack: Void TestMethod()=>Void Main(System.String[])=>Int32 _nExecuteAssembly(System.Reflection.RuntimeAssembly, System.String[])=>Int32 ExecuteAssembly(System.String, System.Security.Policy.Evidence, System.String[])=>Void RunUsersAssembly()=>Void ThreadStart_Context(System.Object)=>Void RunInternal(System.Threading.ExecutionContext, System.Threading.ContextCallback, System.Object, Boolean)=>Void Run(System.Threading.ExecutionContext, System.Threading.ContextCallback, System.Object, Boolean)=>Void Run(System.Threading.ExecutionContext, System.Threading.ContextCallback, System.Object)=>
[TRACE] Date: 2017/01/31 00:36:38.450 Method: MethodInvocationStatistic.MethodStatistics.OnExit  Message: Execution time: 4161
[TRACE] Date: 2017/01/31 00:37:09.655 Method: MethodInvocationStatistic.MethodStatistics.OnEntry  Message: Method Void TestMethod()
[TRACE] Date: 2017/01/31 00:37:09.700 Method: MethodInvocationStatistic.MethodStatistics.OnEntry  Message: Call stack: Void TestMethod()=>Void Main(System.String[])=>Int32 _nExecuteAssembly(System.Reflection.RuntimeAssembly, System.String[])=>Int32 ExecuteAssembly(System.String, System.Security.Policy.Evidence, System.String[])=>Void RunUsersAssembly()=>Void ThreadStart_Context(System.Object)=>Void RunInternal(System.Threading.ExecutionContext, System.Threading.ContextCallback, System.Object, Boolean)=>Void Run(System.Threading.ExecutionContext, System.Threading.ContextCallback, System.Object, Boolean)=>Void Run(System.Threading.ExecutionContext, System.Threading.ContextCallback, System.Object)=>
[TRACE] Date: 2017/01/31 00:37:13.709 Method: MethodInvocationStatistic.MethodStatistics.OnExit  Message: Execution time: 4029
[TRACE] Date: 2017/01/31 00:38:46.152 Method: MethodInvocationStatistic.MethodStatistics.OnEntry  Message: Method Void Run(System.Threading.ExecutionContext, System.Threading.ContextCallback, System.Object)
[TRACE] Date: 2017/01/31 00:38:46.196 Method: MethodInvocationStatistic.MethodStatistics.OnEntry  Message: Call stack: Void Run(System.Threading.ExecutionContext, System.Threading.ContextCallback, System.Object)=>Void Run(System.Threading.ExecutionContext, System.Threading.ContextCallback, System.Object, Boolean)=>Void RunInternal(System.Threading.ExecutionContext, System.Threading.ContextCallback, System.Object, Boolean)=>Void ThreadStart_Context(System.Object)=>Void RunUsersAssembly()=>Int32 ExecuteAssembly(System.String, System.Security.Policy.Evidence, System.String[])=>Int32 _nExecuteAssembly(System.Reflection.RuntimeAssembly, System.String[])=>Void Main(System.String[])=>Void TestMethod()=>
[TRACE] Date: 2017/01/31 00:38:50.201 Method: MethodInvocationStatistic.MethodStatistics.OnExit  Message: Execution time: 4017
[TRACE] Date: 2017/01/31 00:39:10.873 Method: MethodInvocationStatistic.MethodStatistics.OnEntry  Message: Method Void Run(System.Threading.ExecutionContext, System.Threading.ContextCallback, System.Object)
[TRACE] Date: 2017/01/31 00:39:11.000 Method: MethodInvocationStatistic.MethodStatistics.OnEntry  Message: Call stack: Void Main(System.String[])=>Void TestMethod()=>
[TRACE] Date: 2017/01/31 00:39:15.005 Method: MethodInvocationStatistic.MethodStatistics.OnExit  Message: Execution time: 4102
[TRACE] Date: 2017/01/31 00:40:49.661 Method: MethodInvocationStatistic.MethodStatistics.OnEntry  Message: Method Void OnEntry()
[TRACE] Date: 2017/01/31 00:40:49.704 Method: MethodInvocationStatistic.MethodStatistics.OnEntry  Message: Call stack: Void Main(System.String[])=>Void TestMethod()=>
[TRACE] Date: 2017/01/31 00:40:53.709 Method: MethodInvocationStatistic.MethodStatistics.OnExit  Message: Execution time: 4013
[TRACE] Date: 2017/01/31 00:41:03.786 Method: MethodInvocationStatistic.MethodStatistics.OnEntry  Message: Method Void TestMethod()
[TRACE] Date: 2017/01/31 00:41:03.825 Method: MethodInvocationStatistic.MethodStatistics.OnEntry  Message: Call stack: Void Main(System.String[])=>Void TestMethod()=>
[TRACE] Date: 2017/01/31 00:41:07.829 Method: MethodInvocationStatistic.MethodStatistics.OnExit  Message: Execution time: 4012
